<?xml version="1.0" encoding="UTF-8"?>
<!-- Generated by org.testng.reporters.JUnitXMLReporter -->
<testsuite ignored="1" hostname="DESKTOP-2F2EII0" failures="0" tests="1" name="KeyPressesTests-FF" time="6.164" errors="0" timestamp="2022-01-17T22:42:13 EST">
  <testcase classname="com.herokuapp.theinternet.keypressestests.KeyPressesTests" name="PressKeywithActionTests" time="1.541"/>
  <testcase classname="com.herokuapp.theinternet.keypressestests.KeyPressesTests" name="PressKeyTests" time="0.0">
    <ignored/>
  </testcase> <!-- PressKeyTests -->
</testsuite> <!-- KeyPressesTests-FF -->
