<?xml version="1.0" encoding="UTF-8"?>
<!-- Generated by org.testng.reporters.JUnitXMLReporter -->
<testsuite ignored="0" hostname="DESKTOP-2F2EII0" failures="0" tests="4" name=" AlertTests" time="7.888" errors="0" timestamp="2022-01-17T22:39:31 EST">
  <testcase classname="com.herokuapp.theinternet.javascriptalertstests.AlertTests" name="jsAlertTest" time="0.846"/>
  <testcase classname="com.herokuapp.theinternet.javascriptalertstests.AlertTests" name="jsConfimAcceptedTest" time="0.689"/>
  <testcase classname="com.herokuapp.theinternet.javascriptalertstests.AlertTests" name="jsDismisstTest" time="0.765"/>
  <testcase classname="com.herokuapp.theinternet.javascriptalertstests.AlertTests" name="jsPromptTest" time="1.133"/>
</testsuite> <!--  AlertTests -->
