<?xml version="1.0" encoding="UTF-8"?>
<!-- Generated by org.testng.reporters.JUnitXMLReporter -->
<testsuite ignored="0" hostname="DESKTOP-2F2EII0" failures="1" tests="1" name=" DropdownTests" time="17.284" errors="0" timestamp="2022-01-09T17:54:26 EST">
  <testcase classname="com.herokuapp.theinternet.DropdownPageTests.DropdownTests" name="logInTest" time="15.681">
    <failure type="org.openqa.selenium.NoSuchWindowException" message="no such window: target window already closed
from unknown error: web view not found
  (Session info: chrome=96.0.4664.110)
Build info: version: &amp;apos;4.1.1&amp;apos;, revision: &amp;apos;e8fcc2cecf&amp;apos;
System info: host: &amp;apos;DESKTOP-2F2EII0&amp;apos;, ip: &amp;apos;192.168.0.26&amp;apos;, os.name: &amp;apos;Windows 10&amp;apos;, os.arch: &amp;apos;amd64&amp;apos;, os.version: &amp;apos;10.0&amp;apos;, java.version: &amp;apos;17.0.1&amp;apos;
Driver info: org.openqa.selenium.chrome.ChromeDriver
Command: [15bea90fed7f4b24c94dc9ec953b2112, findElement {using=id, value=dropdown}]
Capabilities {acceptInsecureCerts: false, browserName: chrome, browserVersion: 96.0.4664.110, chrome: {chromedriverVersion: 96.0.4664.45 (76e4c1bb2ab46..., userDataDir: C:\Users\Kanlaya\AppData\Lo...}, goog:chromeOptions: {debuggerAddress: localhost:61806}, javascriptEnabled: true, networkConnectionEnabled: false, pageLoadStrategy: normal, platform: WINDOWS, platformName: WINDOWS, proxy: Proxy(), se:cdp: ws://localhost:61806/devtoo..., se:cdpVersion: 96.0.4664.110, setWindowRect: true, strictFileInteractability: false, timeouts: {implicit: 0, pageLoad: 300000, script: 30000}, unhandledPromptBehavior: dismiss and notify, webauthn:extension:credBlob: true, webauthn:extension:largeBlob: true, webauthn:virtualAuthenticators: true}
Session ID: 15bea90fed7f4b24c94dc9ec953b2112">
      <![CDATA[org.openqa.selenium.NoSuchWindowException: no such window: target window already closed
from unknown error: web view not found
  (Session info: chrome=96.0.4664.110)
Build info: version: '4.1.1', revision: 'e8fcc2cecf'
System info: host: 'DESKTOP-2F2EII0', ip: '192.168.0.26', os.name: 'Windows 10', os.arch: 'amd64', os.version: '10.0', java.version: '17.0.1'
Driver info: org.openqa.selenium.chrome.ChromeDriver
Command: [15bea90fed7f4b24c94dc9ec953b2112, findElement {using=id, value=dropdown}]
Capabilities {acceptInsecureCerts: false, browserName: chrome, browserVersion: 96.0.4664.110, chrome: {chromedriverVersion: 96.0.4664.45 (76e4c1bb2ab46..., userDataDir: C:\Users\Kanlaya\AppData\Lo...}, goog:chromeOptions: {debuggerAddress: localhost:61806}, javascriptEnabled: true, networkConnectionEnabled: false, pageLoadStrategy: normal, platform: WINDOWS, platformName: WINDOWS, proxy: Proxy(), se:cdp: ws://localhost:61806/devtoo..., se:cdpVersion: 96.0.4664.110, setWindowRect: true, strictFileInteractability: false, timeouts: {implicit: 0, pageLoad: 300000, script: 30000}, unhandledPromptBehavior: dismiss and notify, webauthn:extension:credBlob: true, webauthn:extension:largeBlob: true, webauthn:virtualAuthenticators: true}
Session ID: 15bea90fed7f4b24c94dc9ec953b2112
at org.openqa.selenium.remote.codec.w3c.W3CHttpResponseCodec.createException(W3CHttpResponseCodec.java:200)
at org.openqa.selenium.remote.codec.w3c.W3CHttpResponseCodec.decode(W3CHttpResponseCodec.java:133)
at org.openqa.selenium.remote.codec.w3c.W3CHttpResponseCodec.decode(W3CHttpResponseCodec.java:53)
at org.openqa.selenium.remote.HttpCommandExecutor.execute(HttpCommandExecutor.java:184)
at org.openqa.selenium.remote.service.DriverCommandExecutor.invokeExecute(DriverCommandExecutor.java:167)
at org.openqa.selenium.remote.service.DriverCommandExecutor.execute(DriverCommandExecutor.java:142)
at org.openqa.selenium.remote.RemoteWebDriver.execute(RemoteWebDriver.java:543)
at org.openqa.selenium.remote.ElementLocation$ElementFinder$2.findElement(ElementLocation.java:162)
at org.openqa.selenium.remote.ElementLocation.findElement(ElementLocation.java:60)
at org.openqa.selenium.remote.RemoteWebDriver.findElement(RemoteWebDriver.java:367)
at org.openqa.selenium.remote.RemoteWebDriver.findElement(RemoteWebDriver.java:359)
at com.herokuapp.theinternet.pages.BasePageObject.find(BasePageObject.java:31)
at com.herokuapp.theinternet.pages.DropdownPage.getSelectedOption(DropdownPage.java:30)
at com.herokuapp.theinternet.pages.DropdownPage.getSelectedOption(DropdownPage.java:33)
at com.herokuapp.theinternet.pages.DropdownPage.getSelectedOption(DropdownPage.java:33)
at com.herokuapp.theinternet.pages.DropdownPage.getSelectedOption(DropdownPage.java:33)
at com.herokuapp.theinternet.pages.DropdownPage.getSelectedOption(DropdownPage.java:33)
at com.herokuapp.theinternet.pages.DropdownPage.getSelectedOption(DropdownPage.java:33)
at com.herokuapp.theinternet.pages.DropdownPage.getSelectedOption(DropdownPage.java:33)
at com.herokuapp.theinternet.pages.DropdownPage.getSelectedOption(DropdownPage.java:33)
at com.herokuapp.theinternet.pages.DropdownPage.getSelectedOption(DropdownPage.java:33)
at com.herokuapp.theinternet.pages.DropdownPage.getSelectedOption(DropdownPage.java:33)
at com.herokuapp.theinternet.pages.DropdownPage.getSelectedOption(DropdownPage.java:33)
at com.herokuapp.theinternet.pages.DropdownPage.getSelectedOption(DropdownPage.java:33)
at com.herokuapp.theinternet.pages.DropdownPage.getSelectedOption(DropdownPage.java:33)
at com.herokuapp.theinternet.pages.DropdownPage.getSelectedOption(DropdownPage.java:33)
at com.herokuapp.theinternet.pages.DropdownPage.getSelectedOption(DropdownPage.java:33)
at com.herokuapp.theinternet.pages.DropdownPage.getSelectedOption(DropdownPage.java:33)
at com.herokuapp.theinternet.pages.DropdownPage.getSelectedOption(DropdownPage.java:33)
at com.herokuapp.theinternet.pages.DropdownPage.getSelectedOption(DropdownPage.java:33)
at com.herokuapp.theinternet.pages.DropdownPage.getSelectedOption(DropdownPage.java:33)
at com.herokuapp.theinternet.pages.DropdownPage.getSelectedOption(DropdownPage.java:33)
at com.herokuapp.theinternet.pages.DropdownPage.getSelectedOption(DropdownPage.java:33)
at com.herokuapp.theinternet.pages.DropdownPage.getSelectedOption(DropdownPage.java:33)
at com.herokuapp.theinternet.pages.DropdownPage.getSelectedOption(DropdownPage.java:33)
at com.herokuapp.theinternet.pages.DropdownPage.getSelectedOption(DropdownPage.java:33)
at com.herokuapp.theinternet.pages.DropdownPage.getSelectedOption(DropdownPage.java:33)
at com.herokuapp.theinternet.pages.DropdownPage.getSelectedOption(DropdownPage.java:33)
at com.herokuapp.theinternet.pages.DropdownPage.getSelectedOption(DropdownPage.java:33)
at com.herokuapp.theinternet.pages.DropdownPage.getSelectedOption(DropdownPage.java:33)
at com.herokuapp.theinternet.pages.DropdownPage.getSelectedOption(DropdownPage.java:33)
at com.herokuapp.theinternet.pages.DropdownPage.getSelectedOption(DropdownPage.java:33)
at com.herokuapp.theinternet.pages.DropdownPage.getSelectedOption(DropdownPage.java:33)
at com.herokuapp.theinternet.pages.DropdownPage.getSelectedOption(DropdownPage.java:33)
at com.herokuapp.theinternet.pages.DropdownPage.getSelectedOption(DropdownPage.java:33)
at com.herokuapp.theinternet.pages.DropdownPage.getSelectedOption(DropdownPage.java:33)
at com.herokuapp.theinternet.pages.DropdownPage.getSelectedOption(DropdownPage.java:33)
at com.herokuapp.theinternet.pages.DropdownPage.getSelectedOption(DropdownPage.java:33)
at com.herokuapp.theinternet.pages.DropdownPage.getSelectedOption(DropdownPage.java:33)
at com.herokuapp.theinternet.pages.DropdownPage.getSelectedOption(DropdownPage.java:33)
at com.herokuapp.theinternet.pages.DropdownPage.getSelectedOption(DropdownPage.java:33)
at com.herokuapp.theinternet.pages.DropdownPage.getSelectedOption(DropdownPage.java:33)
at com.herokuapp.theinternet.pages.DropdownPage.getSelectedOption(DropdownPage.java:33)
at com.herokuapp.theinternet.pages.DropdownPage.getSelectedOption(DropdownPage.java:33)
at com.herokuapp.theinternet.pages.DropdownPage.getSelectedOption(DropdownPage.java:33)
at com.herokuapp.theinternet.pages.DropdownPage.getSelectedOption(DropdownPage.java:33)
at com.herokuapp.theinternet.pages.DropdownPage.getSelectedOption(DropdownPage.java:33)
at com.herokuapp.theinternet.pages.DropdownPage.getSelectedOption(DropdownPage.java:33)
at com.herokuapp.theinternet.pages.DropdownPage.getSelectedOption(DropdownPage.java:33)
at com.herokuapp.theinternet.pages.DropdownPage.getSelectedOption(DropdownPage.java:33)
at com.herokuapp.theinternet.pages.DropdownPage.getSelectedOption(DropdownPage.java:33)
at com.herokuapp.theinternet.pages.DropdownPage.getSelectedOption(DropdownPage.java:33)
at com.herokuapp.theinternet.pages.DropdownPage.getSelectedOption(DropdownPage.java:33)
at com.herokuapp.theinternet.pages.DropdownPage.getSelectedOption(DropdownPage.java:33)
at com.herokuapp.theinternet.pages.DropdownPage.getSelectedOption(DropdownPage.java:33)
at com.herokuapp.theinternet.pages.DropdownPage.getSelectedOption(DropdownPage.java:33)
at com.herokuapp.theinternet.pages.DropdownPage.getSelectedOption(DropdownPage.java:33)
at com.herokuapp.theinternet.pages.DropdownPage.getSelectedOption(DropdownPage.java:33)
at com.herokuapp.theinternet.pages.DropdownPage.getSelectedOption(DropdownPage.java:33)
at com.herokuapp.theinternet.pages.DropdownPage.getSelectedOption(DropdownPage.java:33)
at com.herokuapp.theinternet.pages.DropdownPage.getSelectedOption(DropdownPage.java:33)
at com.herokuapp.theinternet.pages.DropdownPage.getSelectedOption(DropdownPage.java:33)
at com.herokuapp.theinternet.pages.DropdownPage.getSelectedOption(DropdownPage.java:33)
at com.herokuapp.theinternet.pages.DropdownPage.getSelectedOption(DropdownPage.java:33)
at com.herokuapp.theinternet.pages.DropdownPage.getSelectedOption(DropdownPage.java:33)
at com.herokuapp.theinternet.pages.DropdownPage.getSelectedOption(DropdownPage.java:33)
at com.herokuapp.theinternet.pages.DropdownPage.getSelectedOption(DropdownPage.java:33)
at com.herokuapp.theinternet.pages.DropdownPage.getSelectedOption(DropdownPage.java:33)
at com.herokuapp.theinternet.pages.DropdownPage.getSelectedOption(DropdownPage.java:33)
at com.herokuapp.theinternet.pages.DropdownPage.getSelectedOption(DropdownPage.java:33)
at com.herokuapp.theinternet.pages.DropdownPage.getSelectedOption(DropdownPage.java:33)
at com.herokuapp.theinternet.pages.DropdownPage.getSelectedOption(DropdownPage.java:33)
at com.herokuapp.theinternet.pages.DropdownPage.getSelectedOption(DropdownPage.java:33)
at com.herokuapp.theinternet.pages.DropdownPage.getSelectedOption(DropdownPage.java:33)
at com.herokuapp.theinternet.pages.DropdownPage.getSelectedOption(DropdownPage.java:33)
at com.herokuapp.theinternet.pages.DropdownPage.getSelectedOption(DropdownPage.java:33)
at com.herokuapp.theinternet.pages.DropdownPage.getSelectedOption(DropdownPage.java:33)
at com.herokuapp.theinternet.pages.DropdownPage.getSelectedOption(DropdownPage.java:33)
at com.herokuapp.theinternet.pages.DropdownPage.getSelectedOption(DropdownPage.java:33)
at com.herokuapp.theinternet.pages.DropdownPage.getSelectedOption(DropdownPage.java:33)
at com.herokuapp.theinternet.pages.DropdownPage.getSelectedOption(DropdownPage.java:33)
at com.herokuapp.theinternet.pages.DropdownPage.getSelectedOption(DropdownPage.java:33)
at com.herokuapp.theinternet.pages.DropdownPage.getSelectedOption(DropdownPage.java:33)
at com.herokuapp.theinternet.pages.DropdownPage.getSelectedOption(DropdownPage.java:33)
at com.herokuapp.theinternet.pages.DropdownPage.getSelectedOption(DropdownPage.java:33)
at com.herokuapp.theinternet.pages.DropdownPage.getSelectedOption(DropdownPage.java:33)
at com.herokuapp.theinternet.pages.DropdownPage.getSelectedOption(DropdownPage.java:33)
at com.herokuapp.theinternet.pages.DropdownPage.getSelectedOption(DropdownPage.java:33)
at com.herokuapp.theinternet.pages.DropdownPage.getSelectedOption(DropdownPage.java:33)
at com.herokuapp.theinternet.pages.DropdownPage.getSelectedOption(DropdownPage.java:33)
at com.herokuapp.theinternet.pages.DropdownPage.getSelectedOption(DropdownPage.java:33)
at com.herokuapp.theinternet.pages.DropdownPage.getSelectedOption(DropdownPage.java:33)
at com.herokuapp.theinternet.pages.DropdownPage.getSelectedOption(DropdownPage.java:33)
at com.herokuapp.theinternet.pages.DropdownPage.getSelectedOption(DropdownPage.java:33)
at com.herokuapp.theinternet.pages.DropdownPage.getSelectedOption(DropdownPage.java:33)
at com.herokuapp.theinternet.pages.DropdownPage.getSelectedOption(DropdownPage.java:33)
at com.herokuapp.theinternet.pages.DropdownPage.getSelectedOption(DropdownPage.java:33)
at com.herokuapp.theinternet.pages.DropdownPage.getSelectedOption(DropdownPage.java:33)
at com.herokuapp.theinternet.pages.DropdownPage.getSelectedOption(DropdownPage.java:33)
at com.herokuapp.theinternet.pages.DropdownPage.getSelectedOption(DropdownPage.java:33)
at com.herokuapp.theinternet.pages.DropdownPage.getSelectedOption(DropdownPage.java:33)
at com.herokuapp.theinternet.pages.DropdownPage.getSelectedOption(DropdownPage.java:33)
at com.herokuapp.theinternet.pages.DropdownPage.getSelectedOption(DropdownPage.java:33)
at com.herokuapp.theinternet.pages.DropdownPage.getSelectedOption(DropdownPage.java:33)
at com.herokuapp.theinternet.pages.DropdownPage.getSelectedOption(DropdownPage.java:33)
at com.herokuapp.theinternet.pages.DropdownPage.getSelectedOption(DropdownPage.java:33)
at com.herokuapp.theinternet.pages.DropdownPage.getSelectedOption(DropdownPage.java:33)
at com.herokuapp.theinternet.pages.DropdownPage.getSelectedOption(DropdownPage.java:33)
at com.herokuapp.theinternet.pages.DropdownPage.getSelectedOption(DropdownPage.java:33)
at com.herokuapp.theinternet.pages.DropdownPage.getSelectedOption(DropdownPage.java:33)
at com.herokuapp.theinternet.pages.DropdownPage.getSelectedOption(DropdownPage.java:33)
at com.herokuapp.theinternet.pages.DropdownPage.getSelectedOption(DropdownPage.java:33)
at com.herokuapp.theinternet.pages.DropdownPage.getSelectedOption(DropdownPage.java:33)
at com.herokuapp.theinternet.pages.DropdownPage.getSelectedOption(DropdownPage.java:33)
at com.herokuapp.theinternet.pages.DropdownPage.getSelectedOption(DropdownPage.java:33)
at com.herokuapp.theinternet.pages.DropdownPage.getSelectedOption(DropdownPage.java:33)
at com.herokuapp.theinternet.pages.DropdownPage.getSelectedOption(DropdownPage.java:33)
at com.herokuapp.theinternet.pages.DropdownPage.getSelectedOption(DropdownPage.java:33)
at com.herokuapp.theinternet.pages.DropdownPage.getSelectedOption(DropdownPage.java:33)
at com.herokuapp.theinternet.pages.DropdownPage.getSelectedOption(DropdownPage.java:33)
at com.herokuapp.theinternet.pages.DropdownPage.getSelectedOption(DropdownPage.java:33)
at com.herokuapp.theinternet.pages.DropdownPage.getSelectedOption(DropdownPage.java:33)
at com.herokuapp.theinternet.pages.DropdownPage.getSelectedOption(DropdownPage.java:33)
at com.herokuapp.theinternet.pages.DropdownPage.getSelectedOption(DropdownPage.java:33)
at com.herokuapp.theinternet.pages.DropdownPage.getSelectedOption(DropdownPage.java:33)
at com.herokuapp.theinternet.pages.DropdownPage.getSelectedOption(DropdownPage.java:33)
at com.herokuapp.theinternet.pages.DropdownPage.getSelectedOption(DropdownPage.java:33)
at com.herokuapp.theinternet.pages.DropdownPage.getSelectedOption(DropdownPage.java:33)
at com.herokuapp.theinternet.pages.DropdownPage.getSelectedOption(DropdownPage.java:33)
at com.herokuapp.theinternet.pages.DropdownPage.getSelectedOption(DropdownPage.java:33)
at com.herokuapp.theinternet.pages.DropdownPage.getSelectedOption(DropdownPage.java:33)
at com.herokuapp.theinternet.pages.DropdownPage.getSelectedOption(DropdownPage.java:33)
at com.herokuapp.theinternet.pages.DropdownPage.getSelectedOption(DropdownPage.java:33)
at com.herokuapp.theinternet.pages.DropdownPage.getSelectedOption(DropdownPage.java:33)
at com.herokuapp.theinternet.pages.DropdownPage.getSelectedOption(DropdownPage.java:33)
at com.herokuapp.theinternet.pages.DropdownPage.getSelectedOption(DropdownPage.java:33)
at com.herokuapp.theinternet.pages.DropdownPage.getSelectedOption(DropdownPage.java:33)
at com.herokuapp.theinternet.pages.DropdownPage.getSelectedOption(DropdownPage.java:33)
at com.herokuapp.theinternet.pages.DropdownPage.getSelectedOption(DropdownPage.java:33)
at com.herokuapp.theinternet.pages.DropdownPage.getSelectedOption(DropdownPage.java:33)
at com.herokuapp.theinternet.pages.DropdownPage.getSelectedOption(DropdownPage.java:33)
at com.herokuapp.theinternet.pages.DropdownPage.getSelectedOption(DropdownPage.java:33)
at com.herokuapp.theinternet.pages.DropdownPage.getSelectedOption(DropdownPage.java:33)
at com.herokuapp.theinternet.pages.DropdownPage.getSelectedOption(DropdownPage.java:33)
at com.herokuapp.theinternet.pages.DropdownPage.getSelectedOption(DropdownPage.java:33)
at com.herokuapp.theinternet.pages.DropdownPage.getSelectedOption(DropdownPage.java:33)
at com.herokuapp.theinternet.pages.DropdownPage.getSelectedOption(DropdownPage.java:33)
at com.herokuapp.theinternet.pages.DropdownPage.getSelectedOption(DropdownPage.java:33)
at com.herokuapp.theinternet.pages.DropdownPage.getSelectedOption(DropdownPage.java:33)
at com.herokuapp.theinternet.pages.DropdownPage.getSelectedOption(DropdownPage.java:33)
at com.herokuapp.theinternet.pages.DropdownPage.getSelectedOption(DropdownPage.java:33)
at com.herokuapp.theinternet.pages.DropdownPage.getSelectedOption(DropdownPage.java:33)
at com.herokuapp.theinternet.pages.DropdownPage.getSelectedOption(DropdownPage.java:33)
at com.herokuapp.theinternet.pages.DropdownPage.getSelectedOption(DropdownPage.java:33)
at com.herokuapp.theinternet.pages.DropdownPage.getSelectedOption(DropdownPage.java:33)
at com.herokuapp.theinternet.pages.DropdownPage.getSelectedOption(DropdownPage.java:33)
at com.herokuapp.theinternet.pages.DropdownPage.getSelectedOption(DropdownPage.java:33)
at com.herokuapp.theinternet.pages.DropdownPage.getSelectedOption(DropdownPage.java:33)
at com.herokuapp.theinternet.pages.DropdownPage.getSelectedOption(DropdownPage.java:33)
at com.herokuapp.theinternet.pages.DropdownPage.getSelectedOption(DropdownPage.java:33)
at com.herokuapp.theinternet.pages.DropdownPage.getSelectedOption(DropdownPage.java:33)
at com.herokuapp.theinternet.pages.DropdownPage.getSelectedOption(DropdownPage.java:33)
at com.herokuapp.theinternet.pages.DropdownPage.getSelectedOption(DropdownPage.java:33)
at com.herokuapp.theinternet.pages.DropdownPage.getSelectedOption(DropdownPage.java:33)
at com.herokuapp.theinternet.pages.DropdownPage.getSelectedOption(DropdownPage.java:33)
at com.herokuapp.theinternet.pages.DropdownPage.getSelectedOption(DropdownPage.java:33)
at com.herokuapp.theinternet.pages.DropdownPage.getSelectedOption(DropdownPage.java:33)
at com.herokuapp.theinternet.pages.DropdownPage.getSelectedOption(DropdownPage.java:33)
at com.herokuapp.theinternet.pages.DropdownPage.getSelectedOption(DropdownPage.java:33)
at com.herokuapp.theinternet.pages.DropdownPage.getSelectedOption(DropdownPage.java:33)
at com.herokuapp.theinternet.pages.DropdownPage.getSelectedOption(DropdownPage.java:33)
at com.herokuapp.theinternet.pages.DropdownPage.getSelectedOption(DropdownPage.java:33)
at com.herokuapp.theinternet.pages.DropdownPage.getSelectedOption(DropdownPage.java:33)
at com.herokuapp.theinternet.pages.DropdownPage.getSelectedOption(DropdownPage.java:33)
at com.herokuapp.theinternet.pages.DropdownPage.getSelectedOption(DropdownPage.java:33)
at com.herokuapp.theinternet.pages.DropdownPage.getSelectedOption(DropdownPage.java:33)
at com.herokuapp.theinternet.pages.DropdownPage.getSelectedOption(DropdownPage.java:33)
at com.herokuapp.theinternet.pages.DropdownPage.getSelectedOption(DropdownPage.java:33)
at com.herokuapp.theinternet.pages.DropdownPage.getSelectedOption(DropdownPage.java:33)
at com.herokuapp.theinternet.pages.DropdownPage.getSelectedOption(DropdownPage.java:33)
at com.herokuapp.theinternet.pages.DropdownPage.getSelectedOption(DropdownPage.java:33)
at com.herokuapp.theinternet.pages.DropdownPage.getSelectedOption(DropdownPage.java:33)
at com.herokuapp.theinternet.pages.DropdownPage.getSelectedOption(DropdownPage.java:33)
at com.herokuapp.theinternet.pages.DropdownPage.getSelectedOption(DropdownPage.java:33)
at com.herokuapp.theinternet.pages.DropdownPage.getSelectedOption(DropdownPage.java:33)
at com.herokuapp.theinternet.pages.DropdownPage.getSelectedOption(DropdownPage.java:33)
at com.herokuapp.theinternet.pages.DropdownPage.getSelectedOption(DropdownPage.java:33)
at com.herokuapp.theinternet.pages.DropdownPage.getSelectedOption(DropdownPage.java:33)
at com.herokuapp.theinternet.pages.DropdownPage.getSelectedOption(DropdownPage.java:33)
at com.herokuapp.theinternet.pages.DropdownPage.getSelectedOption(DropdownPage.java:33)
at com.herokuapp.theinternet.pages.DropdownPage.getSelectedOption(DropdownPage.java:33)
at com.herokuapp.theinternet.pages.DropdownPage.getSelectedOption(DropdownPage.java:33)
at com.herokuapp.theinternet.pages.DropdownPage.getSelectedOption(DropdownPage.java:33)
at com.herokuapp.theinternet.pages.DropdownPage.getSelectedOption(DropdownPage.java:33)
at com.herokuapp.theinternet.pages.DropdownPage.getSelectedOption(DropdownPage.java:33)
at com.herokuapp.theinternet.pages.DropdownPage.getSelectedOption(DropdownPage.java:33)
at com.herokuapp.theinternet.pages.DropdownPage.getSelectedOption(DropdownPage.java:33)
at com.herokuapp.theinternet.pages.DropdownPage.getSelectedOption(DropdownPage.java:33)
at com.herokuapp.theinternet.pages.DropdownPage.getSelectedOption(DropdownPage.java:33)
at com.herokuapp.theinternet.pages.DropdownPage.getSelectedOption(DropdownPage.java:33)
at com.herokuapp.theinternet.pages.DropdownPage.getSelectedOption(DropdownPage.java:33)
at com.herokuapp.theinternet.pages.DropdownPage.getSelectedOption(DropdownPage.java:33)
at com.herokuapp.theinternet.pages.DropdownPage.getSelectedOption(DropdownPage.java:33)
at com.herokuapp.theinternet.pages.DropdownPage.getSelectedOption(DropdownPage.java:33)
at com.herokuapp.theinternet.pages.DropdownPage.getSelectedOption(DropdownPage.java:33)
at com.herokuapp.theinternet.pages.DropdownPage.getSelectedOption(DropdownPage.java:33)
at com.herokuapp.theinternet.pages.DropdownPage.getSelectedOption(DropdownPage.java:33)
at com.herokuapp.theinternet.pages.DropdownPage.getSelectedOption(DropdownPage.java:33)
at com.herokuapp.theinternet.pages.DropdownPage.getSelectedOption(DropdownPage.java:33)
at com.herokuapp.theinternet.pages.DropdownPage.getSelectedOption(DropdownPage.java:33)
at com.herokuapp.theinternet.pages.DropdownPage.getSelectedOption(DropdownPage.java:33)
at com.herokuapp.theinternet.pages.DropdownPage.getSelectedOption(DropdownPage.java:33)
at com.herokuapp.theinternet.pages.DropdownPage.getSelectedOption(DropdownPage.java:33)
at com.herokuapp.theinternet.pages.DropdownPage.getSelectedOption(DropdownPage.java:33)
at com.herokuapp.theinternet.pages.DropdownPage.getSelectedOption(DropdownPage.java:33)
at com.herokuapp.theinternet.pages.DropdownPage.getSelectedOption(DropdownPage.java:33)
at com.herokuapp.theinternet.pages.DropdownPage.getSelectedOption(DropdownPage.java:33)
at com.herokuapp.theinternet.pages.DropdownPage.getSelectedOption(DropdownPage.java:33)
at com.herokuapp.theinternet.pages.DropdownPage.getSelectedOption(DropdownPage.java:33)
at com.herokuapp.theinternet.pages.DropdownPage.getSelectedOption(DropdownPage.java:33)
at com.herokuapp.theinternet.pages.DropdownPage.getSelectedOption(DropdownPage.java:33)
at com.herokuapp.theinternet.pages.DropdownPage.getSelectedOption(DropdownPage.java:33)
at com.herokuapp.theinternet.pages.DropdownPage.getSelectedOption(DropdownPage.java:33)
at com.herokuapp.theinternet.pages.DropdownPage.getSelectedOption(DropdownPage.java:33)
at com.herokuapp.theinternet.pages.DropdownPage.getSelectedOption(DropdownPage.java:33)
at com.herokuapp.theinternet.pages.DropdownPage.getSelectedOption(DropdownPage.java:33)
at com.herokuapp.theinternet.pages.DropdownPage.getSelectedOption(DropdownPage.java:33)
at com.herokuapp.theinternet.pages.DropdownPage.getSelectedOption(DropdownPage.java:33)
at com.herokuapp.theinternet.pages.DropdownPage.getSelectedOption(DropdownPage.java:33)
at com.herokuapp.theinternet.pages.DropdownPage.getSelectedOption(DropdownPage.java:33)
at com.herokuapp.theinternet.pages.DropdownPage.getSelectedOption(DropdownPage.java:33)
at com.herokuapp.theinternet.pages.DropdownPage.getSelectedOption(DropdownPage.java:33)
at com.herokuapp.theinternet.pages.DropdownPage.getSelectedOption(DropdownPage.java:33)
at com.herokuapp.theinternet.pages.DropdownPage.getSelectedOption(DropdownPage.java:33)
at com.herokuapp.theinternet.pages.DropdownPage.getSelectedOption(DropdownPage.java:33)
at com.herokuapp.theinternet.pages.DropdownPage.getSelectedOption(DropdownPage.java:33)
at com.herokuapp.theinternet.pages.DropdownPage.getSelectedOption(DropdownPage.java:33)
at com.herokuapp.theinternet.pages.DropdownPage.getSelectedOption(DropdownPage.java:33)
at com.herokuapp.theinternet.pages.DropdownPage.getSelectedOption(DropdownPage.java:33)
at com.herokuapp.theinternet.pages.DropdownPage.getSelectedOption(DropdownPage.java:33)
at com.herokuapp.theinternet.pages.DropdownPage.getSelectedOption(DropdownPage.java:33)
at com.herokuapp.theinternet.pages.DropdownPage.getSelectedOption(DropdownPage.java:33)
at com.herokuapp.theinternet.pages.DropdownPage.getSelectedOption(DropdownPage.java:33)
at com.herokuapp.theinternet.pages.DropdownPage.getSelectedOption(DropdownPage.java:33)
at com.herokuapp.theinternet.pages.DropdownPage.getSelectedOption(DropdownPage.java:33)
at com.herokuapp.theinternet.pages.DropdownPage.getSelectedOption(DropdownPage.java:33)
at com.herokuapp.theinternet.pages.DropdownPage.getSelectedOption(DropdownPage.java:33)
at com.herokuapp.theinternet.pages.DropdownPage.getSelectedOption(DropdownPage.java:33)
at com.herokuapp.theinternet.pages.DropdownPage.getSelectedOption(DropdownPage.java:33)
at com.herokuapp.theinternet.pages.DropdownPage.getSelectedOption(DropdownPage.java:33)
at com.herokuapp.theinternet.pages.DropdownPage.getSelectedOption(DropdownPage.java:33)
at com.herokuapp.theinternet.pages.DropdownPage.getSelectedOption(DropdownPage.java:33)
at com.herokuapp.theinternet.pages.DropdownPage.getSelectedOption(DropdownPage.java:33)
at com.herokuapp.theinternet.pages.DropdownPage.getSelectedOption(DropdownPage.java:33)
at com.herokuapp.theinternet.pages.DropdownPage.getSelectedOption(DropdownPage.java:33)
at com.herokuapp.theinternet.pages.DropdownPage.getSelectedOption(DropdownPage.java:33)
at com.herokuapp.theinternet.pages.DropdownPage.getSelectedOption(DropdownPage.java:33)
at com.herokuapp.theinternet.pages.DropdownPage.getSelectedOption(DropdownPage.java:33)
at com.herokuapp.theinternet.pages.DropdownPage.getSelectedOption(DropdownPage.java:33)
at com.herokuapp.theinternet.pages.DropdownPage.getSelectedOption(DropdownPage.java:33)
at com.herokuapp.theinternet.pages.DropdownPage.getSelectedOption(DropdownPage.java:33)
at com.herokuapp.theinternet.pages.DropdownPage.getSelectedOption(DropdownPage.java:33)
at com.herokuapp.theinternet.pages.DropdownPage.getSelectedOption(DropdownPage.java:33)
at com.herokuapp.theinternet.pages.DropdownPage.getSelectedOption(DropdownPage.java:33)
at com.herokuapp.theinternet.pages.DropdownPage.getSelectedOption(DropdownPage.java:33)
at com.herokuapp.theinternet.pages.DropdownPage.getSelectedOption(DropdownPage.java:33)
at com.herokuapp.theinternet.pages.DropdownPage.getSelectedOption(DropdownPage.java:33)
at com.herokuapp.theinternet.pages.DropdownPage.getSelectedOption(DropdownPage.java:33)
at com.herokuapp.theinternet.pages.DropdownPage.getSelectedOption(DropdownPage.java:33)
at com.herokuapp.theinternet.pages.DropdownPage.getSelectedOption(DropdownPage.java:33)
at com.herokuapp.theinternet.pages.DropdownPage.getSelectedOption(DropdownPage.java:33)
at com.herokuapp.theinternet.pages.DropdownPage.getSelectedOption(DropdownPage.java:33)
at com.herokuapp.theinternet.pages.DropdownPage.getSelectedOption(DropdownPage.java:33)
at com.herokuapp.theinternet.pages.DropdownPage.getSelectedOption(DropdownPage.java:33)
at com.herokuapp.theinternet.pages.DropdownPage.getSelectedOption(DropdownPage.java:33)
at com.herokuapp.theinternet.pages.DropdownPage.getSelectedOption(DropdownPage.java:33)
at com.herokuapp.theinternet.pages.DropdownPage.getSelectedOption(DropdownPage.java:33)
at com.herokuapp.theinternet.pages.DropdownPage.getSelectedOption(DropdownPage.java:33)
at com.herokuapp.theinternet.pages.DropdownPage.getSelectedOption(DropdownPage.java:33)
at com.herokuapp.theinternet.pages.DropdownPage.getSelectedOption(DropdownPage.java:33)
at com.herokuapp.theinternet.pages.DropdownPage.getSelectedOption(DropdownPage.java:33)
at com.herokuapp.theinternet.pages.DropdownPage.getSelectedOption(DropdownPage.java:33)
at com.herokuapp.theinternet.pages.DropdownPage.getSelectedOption(DropdownPage.java:33)
at com.herokuapp.theinternet.pages.DropdownPage.getSelectedOption(DropdownPage.java:33)
at com.herokuapp.theinternet.pages.DropdownPage.getSelectedOption(DropdownPage.java:33)
at com.herokuapp.theinternet.pages.DropdownPage.getSelectedOption(DropdownPage.java:33)
at com.herokuapp.theinternet.pages.DropdownPage.getSelectedOption(DropdownPage.java:33)
at com.herokuapp.theinternet.pages.DropdownPage.getSelectedOption(DropdownPage.java:33)
at com.herokuapp.theinternet.pages.DropdownPage.getSelectedOption(DropdownPage.java:33)
at com.herokuapp.theinternet.pages.DropdownPage.getSelectedOption(DropdownPage.java:33)
at com.herokuapp.theinternet.pages.DropdownPage.getSelectedOption(DropdownPage.java:33)
at com.herokuapp.theinternet.pages.DropdownPage.getSelectedOption(DropdownPage.java:33)
at com.herokuapp.theinternet.pages.DropdownPage.getSelectedOption(DropdownPage.java:33)
at com.herokuapp.theinternet.pages.DropdownPage.getSelectedOption(DropdownPage.java:33)
at com.herokuapp.theinternet.pages.DropdownPage.getSelectedOption(DropdownPage.java:33)
at com.herokuapp.theinternet.pages.DropdownPage.getSelectedOption(DropdownPage.java:33)
at com.herokuapp.theinternet.pages.DropdownPage.getSelectedOption(DropdownPage.java:33)
at com.herokuapp.theinternet.pages.DropdownPage.getSelectedOption(DropdownPage.java:33)
at com.herokuapp.theinternet.pages.DropdownPage.getSelectedOption(DropdownPage.java:33)
at com.herokuapp.theinternet.pages.DropdownPage.getSelectedOption(DropdownPage.java:33)
at com.herokuapp.theinternet.pages.DropdownPage.getSelectedOption(DropdownPage.java:33)
at com.herokuapp.theinternet.pages.DropdownPage.getSelectedOption(DropdownPage.java:33)
at com.herokuapp.theinternet.pages.DropdownPage.getSelectedOption(DropdownPage.java:33)
at com.herokuapp.theinternet.pages.DropdownPage.getSelectedOption(DropdownPage.java:33)
at com.herokuapp.theinternet.pages.DropdownPage.getSelectedOption(DropdownPage.java:33)
at com.herokuapp.theinternet.pages.DropdownPage.getSelectedOption(DropdownPage.java:33)
at com.herokuapp.theinternet.pages.DropdownPage.getSelectedOption(DropdownPage.java:33)
at com.herokuapp.theinternet.pages.DropdownPage.getSelectedOption(DropdownPage.java:33)
at com.herokuapp.theinternet.pages.DropdownPage.getSelectedOption(DropdownPage.java:33)
at com.herokuapp.theinternet.pages.DropdownPage.getSelectedOption(DropdownPage.java:33)
at com.herokuapp.theinternet.pages.DropdownPage.getSelectedOption(DropdownPage.java:33)
at com.herokuapp.theinternet.pages.DropdownPage.getSelectedOption(DropdownPage.java:33)
at com.herokuapp.theinternet.pages.DropdownPage.getSelectedOption(DropdownPage.java:33)
at com.herokuapp.theinternet.pages.DropdownPage.getSelectedOption(DropdownPage.java:33)
at com.herokuapp.theinternet.pages.DropdownPage.getSelectedOption(DropdownPage.java:33)
at com.herokuapp.theinternet.pages.DropdownPage.getSelectedOption(DropdownPage.java:33)
at com.herokuapp.theinternet.pages.DropdownPage.getSelectedOption(DropdownPage.java:33)
at com.herokuapp.theinternet.pages.DropdownPage.getSelectedOption(DropdownPage.java:33)
at com.herokuapp.theinternet.pages.DropdownPage.getSelectedOption(DropdownPage.java:33)
at com.herokuapp.theinternet.pages.DropdownPage.getSelectedOption(DropdownPage.java:33)
at com.herokuapp.theinternet.pages.DropdownPage.getSelectedOption(DropdownPage.java:33)
at com.herokuapp.theinternet.pages.DropdownPage.getSelectedOption(DropdownPage.java:33)
at com.herokuapp.theinternet.pages.DropdownPage.getSelectedOption(DropdownPage.java:33)
at com.herokuapp.theinternet.pages.DropdownPage.getSelectedOption(DropdownPage.java:33)
at com.herokuapp.theinternet.pages.DropdownPage.getSelectedOption(DropdownPage.java:33)
at com.herokuapp.theinternet.pages.DropdownPage.getSelectedOption(DropdownPage.java:33)
at com.herokuapp.theinternet.pages.DropdownPage.getSelectedOption(DropdownPage.java:33)
at com.herokuapp.theinternet.pages.DropdownPage.getSelectedOption(DropdownPage.java:33)
at com.herokuapp.theinternet.pages.DropdownPage.getSelectedOption(DropdownPage.java:33)
at com.herokuapp.theinternet.pages.DropdownPage.getSelectedOption(DropdownPage.java:33)
at com.herokuapp.theinternet.pages.DropdownPage.getSelectedOption(DropdownPage.java:33)
at com.herokuapp.theinternet.pages.DropdownPage.getSelectedOption(DropdownPage.java:33)
at com.herokuapp.theinternet.pages.DropdownPage.getSelectedOption(DropdownPage.java:33)
at com.herokuapp.theinternet.pages.DropdownPage.getSelectedOption(DropdownPage.java:33)
at com.herokuapp.theinternet.pages.DropdownPage.getSelectedOption(DropdownPage.java:33)
at com.herokuapp.theinternet.pages.DropdownPage.getSelectedOption(DropdownPage.java:33)
at com.herokuapp.theinternet.pages.DropdownPage.getSelectedOption(DropdownPage.java:33)
at com.herokuapp.theinternet.pages.DropdownPage.getSelectedOption(DropdownPage.java:33)
at com.herokuapp.theinternet.pages.DropdownPage.getSelectedOption(DropdownPage.java:33)
at com.herokuapp.theinternet.pages.DropdownPage.getSelectedOption(DropdownPage.java:33)
at com.herokuapp.theinternet.pages.DropdownPage.getSelectedOption(DropdownPage.java:33)
at com.herokuapp.theinternet.pages.DropdownPage.getSelectedOption(DropdownPage.java:33)
at com.herokuapp.theinternet.pages.DropdownPage.getSelectedOption(DropdownPage.java:33)
at com.herokuapp.theinternet.pages.DropdownPage.getSelectedOption(DropdownPage.java:33)
at com.herokuapp.theinternet.pages.DropdownPage.getSelectedOption(DropdownPage.java:33)
at com.herokuapp.theinternet.pages.DropdownPage.getSelectedOption(DropdownPage.java:33)
at com.herokuapp.theinternet.pages.DropdownPage.getSelectedOption(DropdownPage.java:33)
at com.herokuapp.theinternet.pages.DropdownPage.getSelectedOption(DropdownPage.java:33)
at com.herokuapp.theinternet.pages.DropdownPage.getSelectedOption(DropdownPage.java:33)
at com.herokuapp.theinternet.pages.DropdownPage.getSelectedOption(DropdownPage.java:33)
at com.herokuapp.theinternet.pages.DropdownPage.getSelectedOption(DropdownPage.java:33)
at com.herokuapp.theinternet.pages.DropdownPage.getSelectedOption(DropdownPage.java:33)
at com.herokuapp.theinternet.pages.DropdownPage.getSelectedOption(DropdownPage.java:33)
at com.herokuapp.theinternet.pages.DropdownPage.getSelectedOption(DropdownPage.java:33)
at com.herokuapp.theinternet.pages.DropdownPage.getSelectedOption(DropdownPage.java:33)
at com.herokuapp.theinternet.pages.DropdownPage.getSelectedOption(DropdownPage.java:33)
at com.herokuapp.theinternet.pages.DropdownPage.getSelectedOption(DropdownPage.java:33)
at com.herokuapp.theinternet.pages.DropdownPage.getSelectedOption(DropdownPage.java:33)
at com.herokuapp.theinternet.pages.DropdownPage.getSelectedOption(DropdownPage.java:33)
at com.herokuapp.theinternet.pages.DropdownPage.getSelectedOption(DropdownPage.java:33)
at com.herokuapp.theinternet.pages.DropdownPage.getSelectedOption(DropdownPage.java:33)
at com.herokuapp.theinternet.pages.DropdownPage.getSelectedOption(DropdownPage.java:33)
at com.herokuapp.theinternet.pages.DropdownPage.getSelectedOption(DropdownPage.java:33)
at com.herokuapp.theinternet.pages.DropdownPage.getSelectedOption(DropdownPage.java:33)
at com.herokuapp.theinternet.pages.DropdownPage.getSelectedOption(DropdownPage.java:33)
at com.herokuapp.theinternet.pages.DropdownPage.getSelectedOption(DropdownPage.java:33)
at com.herokuapp.theinternet.pages.DropdownPage.getSelectedOption(DropdownPage.java:33)
at com.herokuapp.theinternet.pages.DropdownPage.getSelectedOption(DropdownPage.java:33)
at com.herokuapp.theinternet.pages.DropdownPage.getSelectedOption(DropdownPage.java:33)
at com.herokuapp.theinternet.pages.DropdownPage.getSelectedOption(DropdownPage.java:33)
at com.herokuapp.theinternet.pages.DropdownPage.getSelectedOption(DropdownPage.java:33)
at com.herokuapp.theinternet.pages.DropdownPage.getSelectedOption(DropdownPage.java:33)
at com.herokuapp.theinternet.pages.DropdownPage.getSelectedOption(DropdownPage.java:33)
at com.herokuapp.theinternet.pages.DropdownPage.getSelectedOption(DropdownPage.java:33)
at com.herokuapp.theinternet.pages.DropdownPage.getSelectedOption(DropdownPage.java:33)
at com.herokuapp.theinternet.pages.DropdownPage.getSelectedOption(DropdownPage.java:33)
at com.herokuapp.theinternet.pages.DropdownPage.getSelectedOption(DropdownPage.java:33)
at com.herokuapp.theinternet.pages.DropdownPage.getSelectedOption(DropdownPage.java:33)
at com.herokuapp.theinternet.pages.DropdownPage.getSelectedOption(DropdownPage.java:33)
at com.herokuapp.theinternet.pages.DropdownPage.getSelectedOption(DropdownPage.java:33)
at com.herokuapp.theinternet.pages.DropdownPage.getSelectedOption(DropdownPage.java:33)
at com.herokuapp.theinternet.pages.DropdownPage.getSelectedOption(DropdownPage.java:33)
at com.herokuapp.theinternet.pages.DropdownPage.getSelectedOption(DropdownPage.java:33)
at com.herokuapp.theinternet.pages.DropdownPage.getSelectedOption(DropdownPage.java:33)
at com.herokuapp.theinternet.pages.DropdownPage.getSelectedOption(DropdownPage.java:33)
at com.herokuapp.theinternet.pages.DropdownPage.getSelectedOption(DropdownPage.java:33)
at com.herokuapp.theinternet.pages.DropdownPage.getSelectedOption(DropdownPage.java:33)
at com.herokuapp.theinternet.pages.DropdownPage.getSelectedOption(DropdownPage.java:33)
at com.herokuapp.theinternet.pages.DropdownPage.getSelectedOption(DropdownPage.java:33)
at com.herokuapp.theinternet.pages.DropdownPage.getSelectedOption(DropdownPage.java:33)
at com.herokuapp.theinternet.pages.DropdownPage.getSelectedOption(DropdownPage.java:33)
at com.herokuapp.theinternet.pages.DropdownPage.getSelectedOption(DropdownPage.java:33)
at com.herokuapp.theinternet.pages.DropdownPage.getSelectedOption(DropdownPage.java:33)
at com.herokuapp.theinternet.pages.DropdownPage.getSelectedOption(DropdownPage.java:33)
at com.herokuapp.theinternet.pages.DropdownPage.getSelectedOption(DropdownPage.java:33)
at com.herokuapp.theinternet.pages.DropdownPage.getSelectedOption(DropdownPage.java:33)
at com.herokuapp.theinternet.pages.DropdownPage.getSelectedOption(DropdownPage.java:33)
at com.herokuapp.theinternet.pages.DropdownPage.getSelectedOption(DropdownPage.java:33)
at com.herokuapp.theinternet.pages.DropdownPage.getSelectedOption(DropdownPage.java:33)
at com.herokuapp.theinternet.pages.DropdownPage.getSelectedOption(DropdownPage.java:33)
at com.herokuapp.theinternet.pages.DropdownPage.getSelectedOption(DropdownPage.java:33)
at com.herokuapp.theinternet.pages.DropdownPage.getSelectedOption(DropdownPage.java:33)
at com.herokuapp.theinternet.pages.DropdownPage.getSelectedOption(DropdownPage.java:33)
at com.herokuapp.theinternet.pages.DropdownPage.getSelectedOption(DropdownPage.java:33)
at com.herokuapp.theinternet.pages.DropdownPage.getSelectedOption(DropdownPage.java:33)
at com.herokuapp.theinternet.pages.DropdownPage.getSelectedOption(DropdownPage.java:33)
at com.herokuapp.theinternet.pages.DropdownPage.getSelectedOption(DropdownPage.java:33)
at com.herokuapp.theinternet.pages.DropdownPage.getSelectedOption(DropdownPage.java:33)
at com.herokuapp.theinternet.pages.DropdownPage.getSelectedOption(DropdownPage.java:33)
at com.herokuapp.theinternet.pages.DropdownPage.getSelectedOption(DropdownPage.java:33)
at com.herokuapp.theinternet.pages.DropdownPage.getSelectedOption(DropdownPage.java:33)
at com.herokuapp.theinternet.pages.DropdownPage.getSelectedOption(DropdownPage.java:33)
at com.herokuapp.theinternet.pages.DropdownPage.getSelectedOption(DropdownPage.java:33)
at com.herokuapp.theinternet.pages.DropdownPage.getSelectedOption(DropdownPage.java:33)
at com.herokuapp.theinternet.pages.DropdownPage.getSelectedOption(DropdownPage.java:33)
at com.herokuapp.theinternet.pages.DropdownPage.getSelectedOption(DropdownPage.java:33)
at com.herokuapp.theinternet.pages.DropdownPage.getSelectedOption(DropdownPage.java:33)
at com.herokuapp.theinternet.pages.DropdownPage.getSelectedOption(DropdownPage.java:33)
at com.herokuapp.theinternet.pages.DropdownPage.getSelectedOption(DropdownPage.java:33)
at com.herokuapp.theinternet.pages.DropdownPage.getSelectedOption(DropdownPage.java:33)
at com.herokuapp.theinternet.pages.DropdownPage.getSelectedOption(DropdownPage.java:33)
at com.herokuapp.theinternet.pages.DropdownPage.getSelectedOption(DropdownPage.java:33)
at com.herokuapp.theinternet.pages.DropdownPage.getSelectedOption(DropdownPage.java:33)
at com.herokuapp.theinternet.pages.DropdownPage.getSelectedOption(DropdownPage.java:33)
at com.herokuapp.theinternet.pages.DropdownPage.getSelectedOption(DropdownPage.java:33)
at com.herokuapp.theinternet.pages.DropdownPage.getSelectedOption(DropdownPage.java:33)
at com.herokuapp.theinternet.pages.DropdownPage.getSelectedOption(DropdownPage.java:33)
at com.herokuapp.theinternet.pages.DropdownPage.getSelectedOption(DropdownPage.java:33)
at com.herokuapp.theinternet.pages.DropdownPage.getSelectedOption(DropdownPage.java:33)
at com.herokuapp.theinternet.pages.DropdownPage.getSelectedOption(DropdownPage.java:33)
at com.herokuapp.theinternet.pages.DropdownPage.getSelectedOption(DropdownPage.java:33)
at com.herokuapp.theinternet.pages.DropdownPage.getSelectedOption(DropdownPage.java:33)
at com.herokuapp.theinternet.pages.DropdownPage.getSelectedOption(DropdownPage.java:33)
at com.herokuapp.theinternet.pages.DropdownPage.getSelectedOption(DropdownPage.java:33)
at com.herokuapp.theinternet.pages.DropdownPage.getSelectedOption(DropdownPage.java:33)
at com.herokuapp.theinternet.pages.DropdownPage.getSelectedOption(DropdownPage.java:33)
at com.herokuapp.theinternet.pages.DropdownPage.getSelectedOption(DropdownPage.java:33)
at com.herokuapp.theinternet.pages.DropdownPage.getSelectedOption(DropdownPage.java:33)
at com.herokuapp.theinternet.pages.DropdownPage.getSelectedOption(DropdownPage.java:33)
at com.herokuapp.theinternet.pages.DropdownPage.getSelectedOption(DropdownPage.java:33)
at com.herokuapp.theinternet.pages.DropdownPage.getSelectedOption(DropdownPage.java:33)
at com.herokuapp.theinternet.pages.DropdownPage.getSelectedOption(DropdownPage.java:33)
at com.herokuapp.theinternet.pages.DropdownPage.getSelectedOption(DropdownPage.java:33)
at com.herokuapp.theinternet.pages.DropdownPage.getSelectedOption(DropdownPage.java:33)
at com.herokuapp.theinternet.pages.DropdownPage.getSelectedOption(DropdownPage.java:33)
at com.herokuapp.theinternet.pages.DropdownPage.getSelectedOption(DropdownPage.java:33)
at com.herokuapp.theinternet.pages.DropdownPage.getSelectedOption(DropdownPage.java:33)
at com.herokuapp.theinternet.pages.DropdownPage.getSelectedOption(DropdownPage.java:33)
at com.herokuapp.theinternet.pages.DropdownPage.getSelectedOption(DropdownPage.java:33)
at com.herokuapp.theinternet.pages.DropdownPage.getSelectedOption(DropdownPage.java:33)
at com.herokuapp.theinternet.pages.DropdownPage.getSelectedOption(DropdownPage.java:33)
at com.herokuapp.theinternet.pages.DropdownPage.getSelectedOption(DropdownPage.java:33)
at com.herokuapp.theinternet.pages.DropdownPage.getSelectedOption(DropdownPage.java:33)
at com.herokuapp.theinternet.pages.DropdownPage.getSelectedOption(DropdownPage.java:33)
at com.herokuapp.theinternet.pages.DropdownPage.getSelectedOption(DropdownPage.java:33)
at com.herokuapp.theinternet.pages.DropdownPage.getSelectedOption(DropdownPage.java:33)
at com.herokuapp.theinternet.pages.DropdownPage.getSelectedOption(DropdownPage.java:33)
at com.herokuapp.theinternet.pages.DropdownPage.getSelectedOption(DropdownPage.java:33)
at com.herokuapp.theinternet.pages.DropdownPage.getSelectedOption(DropdownPage.java:33)
at com.herokuapp.theinternet.pages.DropdownPage.getSelectedOption(DropdownPage.java:33)
at com.herokuapp.theinternet.pages.DropdownPage.getSelectedOption(DropdownPage.java:33)
at com.herokuapp.theinternet.pages.DropdownPage.getSelectedOption(DropdownPage.java:33)
at com.herokuapp.theinternet.pages.DropdownPage.getSelectedOption(DropdownPage.java:33)
at com.herokuapp.theinternet.pages.DropdownPage.getSelectedOption(DropdownPage.java:33)
at com.herokuapp.theinternet.pages.DropdownPage.getSelectedOption(DropdownPage.java:33)
at com.herokuapp.theinternet.pages.DropdownPage.getSelectedOption(DropdownPage.java:33)
at com.herokuapp.theinternet.pages.DropdownPage.getSelectedOption(DropdownPage.java:33)
at com.herokuapp.theinternet.pages.DropdownPage.getSelectedOption(DropdownPage.java:33)
at com.herokuapp.theinternet.pages.DropdownPage.getSelectedOption(DropdownPage.java:33)
at com.herokuapp.theinternet.pages.DropdownPage.getSelectedOption(DropdownPage.java:33)
at com.herokuapp.theinternet.pages.DropdownPage.getSelectedOption(DropdownPage.java:33)
at com.herokuapp.theinternet.pages.DropdownPage.getSelectedOption(DropdownPage.java:33)
at com.herokuapp.theinternet.pages.DropdownPage.getSelectedOption(DropdownPage.java:33)
at com.herokuapp.theinternet.pages.DropdownPage.getSelectedOption(DropdownPage.java:33)
at com.herokuapp.theinternet.pages.DropdownPage.getSelectedOption(DropdownPage.java:33)
at com.herokuapp.theinternet.pages.DropdownPage.getSelectedOption(DropdownPage.java:33)
at com.herokuapp.theinternet.pages.DropdownPage.getSelectedOption(DropdownPage.java:33)
at com.herokuapp.theinternet.pages.DropdownPage.getSelectedOption(DropdownPage.java:33)
at com.herokuapp.theinternet.pages.DropdownPage.getSelectedOption(DropdownPage.java:33)
at com.herokuapp.theinternet.pages.DropdownPage.getSelectedOption(DropdownPage.java:33)
at com.herokuapp.theinternet.pages.DropdownPage.getSelectedOption(DropdownPage.java:33)
at com.herokuapp.theinternet.pages.DropdownPage.getSelectedOption(DropdownPage.java:33)
at com.herokuapp.theinternet.pages.DropdownPage.getSelectedOption(DropdownPage.java:33)
at com.herokuapp.theinternet.pages.DropdownPage.getSelectedOption(DropdownPage.java:33)
at com.herokuapp.theinternet.pages.DropdownPage.getSelectedOption(DropdownPage.java:33)
at com.herokuapp.theinternet.pages.DropdownPage.getSelectedOption(DropdownPage.java:33)
at com.herokuapp.theinternet.pages.DropdownPage.getSelectedOption(DropdownPage.java:33)
at com.herokuapp.theinternet.pages.DropdownPage.getSelectedOption(DropdownPage.java:33)
at com.herokuapp.theinternet.pages.DropdownPage.getSelectedOption(DropdownPage.java:33)
at com.herokuapp.theinternet.pages.DropdownPage.getSelectedOption(DropdownPage.java:33)
at com.herokuapp.theinternet.pages.DropdownPage.getSelectedOption(DropdownPage.java:33)
at com.herokuapp.theinternet.pages.DropdownPage.getSelectedOption(DropdownPage.java:33)
at com.herokuapp.theinternet.pages.DropdownPage.getSelectedOption(DropdownPage.java:33)
at com.herokuapp.theinternet.pages.DropdownPage.getSelectedOption(DropdownPage.java:33)
at com.herokuapp.theinternet.pages.DropdownPage.getSelectedOption(DropdownPage.java:33)
at com.herokuapp.theinternet.pages.DropdownPage.getSelectedOption(DropdownPage.java:33)
at com.herokuapp.theinternet.pages.DropdownPage.getSelectedOption(DropdownPage.java:33)
at com.herokuapp.theinternet.pages.DropdownPage.getSelectedOption(DropdownPage.java:33)
at com.herokuapp.theinternet.pages.DropdownPage.getSelectedOption(DropdownPage.java:33)
at com.herokuapp.theinternet.pages.DropdownPage.getSelectedOption(DropdownPage.java:33)
at com.herokuapp.theinternet.pages.DropdownPage.getSelectedOption(DropdownPage.java:33)
at com.herokuapp.theinternet.pages.DropdownPage.getSelectedOption(DropdownPage.java:33)
at com.herokuapp.theinternet.pages.DropdownPage.getSelectedOption(DropdownPage.java:33)
at com.herokuapp.theinternet.pages.DropdownPage.getSelectedOption(DropdownPage.java:33)
at com.herokuapp.theinternet.pages.DropdownPage.getSelectedOption(DropdownPage.java:33)
at com.herokuapp.theinternet.pages.DropdownPage.getSelectedOption(DropdownPage.java:33)
at com.herokuapp.theinternet.pages.DropdownPage.getSelectedOption(DropdownPage.java:33)
at com.herokuapp.theinternet.pages.DropdownPage.getSelectedOption(DropdownPage.java:33)
at com.herokuapp.theinternet.pages.DropdownPage.getSelectedOption(DropdownPage.java:33)
at com.herokuapp.theinternet.pages.DropdownPage.getSelectedOption(DropdownPage.java:33)
at com.herokuapp.theinternet.pages.DropdownPage.getSelectedOption(DropdownPage.java:33)
at com.herokuapp.theinternet.pages.DropdownPage.getSelectedOption(DropdownPage.java:33)
at com.herokuapp.theinternet.pages.DropdownPage.getSelectedOption(DropdownPage.java:33)
at com.herokuapp.theinternet.pages.DropdownPage.getSelectedOption(DropdownPage.java:33)
at com.herokuapp.theinternet.pages.DropdownPage.getSelectedOption(DropdownPage.java:33)
at com.herokuapp.theinternet.pages.DropdownPage.getSelectedOption(DropdownPage.java:33)
at com.herokuapp.theinternet.pages.DropdownPage.getSelectedOption(DropdownPage.java:33)
at com.herokuapp.theinternet.pages.DropdownPage.getSelectedOption(DropdownPage.java:33)
at com.herokuapp.theinternet.pages.DropdownPage.getSelectedOption(DropdownPage.java:33)
at com.herokuapp.theinternet.pages.DropdownPage.getSelectedOption(DropdownPage.java:33)
at com.herokuapp.theinternet.pages.DropdownPage.getSelectedOption(DropdownPage.java:33)
at com.herokuapp.theinternet.pages.DropdownPage.getSelectedOption(DropdownPage.java:33)
at com.herokuapp.theinternet.pages.DropdownPage.getSelectedOption(DropdownPage.java:33)
at com.herokuapp.theinternet.pages.DropdownPage.getSelectedOption(DropdownPage.java:33)
at com.herokuapp.theinternet.pages.DropdownPage.getSelectedOption(DropdownPage.java:33)
at com.herokuapp.theinternet.pages.DropdownPage.getSelectedOption(DropdownPage.java:33)
at com.herokuapp.theinternet.pages.DropdownPage.getSelectedOption(DropdownPage.java:33)
at com.herokuapp.theinternet.pages.DropdownPage.getSelectedOption(DropdownPage.java:33)
at com.herokuapp.theinternet.pages.DropdownPage.getSelectedOption(DropdownPage.java:33)
at com.herokuapp.theinternet.pages.DropdownPage.getSelectedOption(DropdownPage.java:33)
at com.herokuapp.theinternet.pages.DropdownPage.getSelectedOption(DropdownPage.java:33)
at com.herokuapp.theinternet.pages.DropdownPage.getSelectedOption(DropdownPage.java:33)
at com.herokuapp.theinternet.pages.DropdownPage.getSelectedOption(DropdownPage.java:33)
at com.herokuapp.theinternet.pages.DropdownPage.getSelectedOption(DropdownPage.java:33)
at com.herokuapp.theinternet.pages.DropdownPage.getSelectedOption(DropdownPage.java:33)
at com.herokuapp.theinternet.pages.DropdownPage.getSelectedOption(DropdownPage.java:33)
at com.herokuapp.theinternet.pages.DropdownPage.getSelectedOption(DropdownPage.java:33)
at com.herokuapp.theinternet.pages.DropdownPage.getSelectedOption(DropdownPage.java:33)
at com.herokuapp.theinternet.pages.DropdownPage.getSelectedOption(DropdownPage.java:33)
at com.herokuapp.theinternet.pages.DropdownPage.getSelectedOption(DropdownPage.java:33)
at com.herokuapp.theinternet.pages.DropdownPage.getSelectedOption(DropdownPage.java:33)
at com.herokuapp.theinternet.pages.DropdownPage.getSelectedOption(DropdownPage.java:33)
at com.herokuapp.theinternet.pages.DropdownPage.getSelectedOption(DropdownPage.java:33)
at com.herokuapp.theinternet.pages.DropdownPage.getSelectedOption(DropdownPage.java:33)
at com.herokuapp.theinternet.pages.DropdownPage.getSelectedOption(DropdownPage.java:33)
at com.herokuapp.theinternet.pages.DropdownPage.getSelectedOption(DropdownPage.java:33)
at com.herokuapp.theinternet.pages.DropdownPage.getSelectedOption(DropdownPage.java:33)
at com.herokuapp.theinternet.pages.DropdownPage.getSelectedOption(DropdownPage.java:33)
at com.herokuapp.theinternet.pages.DropdownPage.getSelectedOption(DropdownPage.java:33)
at com.herokuapp.theinternet.pages.DropdownPage.getSelectedOption(DropdownPage.java:33)
at com.herokuapp.theinternet.pages.DropdownPage.getSelectedOption(DropdownPage.java:33)
at com.herokuapp.theinternet.pages.DropdownPage.getSelectedOption(DropdownPage.java:33)
at com.herokuapp.theinternet.pages.DropdownPage.getSelectedOption(DropdownPage.java:33)
at com.herokuapp.theinternet.pages.DropdownPage.getSelectedOption(DropdownPage.java:33)
at com.herokuapp.theinternet.pages.DropdownPage.getSelectedOption(DropdownPage.java:33)
at com.herokuapp.theinternet.pages.DropdownPage.getSelectedOption(DropdownPage.java:33)
at com.herokuapp.theinternet.pages.DropdownPage.getSelectedOption(DropdownPage.java:33)
at com.herokuapp.theinternet.pages.DropdownPage.getSelectedOption(DropdownPage.java:33)
at com.herokuapp.theinternet.pages.DropdownPage.getSelectedOption(DropdownPage.java:33)
at com.herokuapp.theinternet.pages.DropdownPage.getSelectedOption(DropdownPage.java:33)
at com.herokuapp.theinternet.pages.DropdownPage.getSelectedOption(DropdownPage.java:33)
at com.herokuapp.theinternet.pages.DropdownPage.getSelectedOption(DropdownPage.java:33)
at com.herokuapp.theinternet.pages.DropdownPage.getSelectedOption(DropdownPage.java:33)
at com.herokuapp.theinternet.pages.DropdownPage.getSelectedOption(DropdownPage.java:33)
at com.herokuapp.theinternet.pages.DropdownPage.getSelectedOption(DropdownPage.java:33)
at com.herokuapp.theinternet.pages.DropdownPage.getSelectedOption(DropdownPage.java:33)
at com.herokuapp.theinternet.pages.DropdownPage.getSelectedOption(DropdownPage.java:33)
at com.herokuapp.theinternet.pages.DropdownPage.getSelectedOption(DropdownPage.java:33)
at com.herokuapp.theinternet.pages.DropdownPage.getSelectedOption(DropdownPage.java:33)
at com.herokuapp.theinternet.pages.DropdownPage.getSelectedOption(DropdownPage.java:33)
at com.herokuapp.theinternet.pages.DropdownPage.getSelectedOption(DropdownPage.java:33)
at com.herokuapp.theinternet.pages.DropdownPage.getSelectedOption(DropdownPage.java:33)
at com.herokuapp.theinternet.pages.DropdownPage.getSelectedOption(DropdownPage.java:33)
at com.herokuapp.theinternet.pages.DropdownPage.getSelectedOption(DropdownPage.java:33)
at com.herokuapp.theinternet.pages.DropdownPage.getSelectedOption(DropdownPage.java:33)
at com.herokuapp.theinternet.pages.DropdownPage.getSelectedOption(DropdownPage.java:33)
at com.herokuapp.theinternet.pages.DropdownPage.getSelectedOption(DropdownPage.java:33)
at com.herokuapp.theinternet.pages.DropdownPage.getSelectedOption(DropdownPage.java:33)
at com.herokuapp.theinternet.pages.DropdownPage.getSelectedOption(DropdownPage.java:33)
at com.herokuapp.theinternet.pages.DropdownPage.getSelectedOption(DropdownPage.java:33)
at com.herokuapp.theinternet.pages.DropdownPage.getSelectedOption(DropdownPage.java:33)
at com.herokuapp.theinternet.pages.DropdownPage.getSelectedOption(DropdownPage.java:33)
at com.herokuapp.theinternet.pages.DropdownPage.getSelectedOption(DropdownPage.java:33)
at com.herokuapp.theinternet.pages.DropdownPage.getSelectedOption(DropdownPage.java:33)
at com.herokuapp.theinternet.pages.DropdownPage.getSelectedOption(DropdownPage.java:33)
at com.herokuapp.theinternet.pages.DropdownPage.getSelectedOption(DropdownPage.java:33)
at com.herokuapp.theinternet.pages.DropdownPage.getSelectedOption(DropdownPage.java:33)
at com.herokuapp.theinternet.pages.DropdownPage.getSelectedOption(DropdownPage.java:33)
at com.herokuapp.theinternet.pages.DropdownPage.getSelectedOption(DropdownPage.java:33)
at com.herokuapp.theinternet.pages.DropdownPage.getSelectedOption(DropdownPage.java:33)
at com.herokuapp.theinternet.pages.DropdownPage.getSelectedOption(DropdownPage.java:33)
at com.herokuapp.theinternet.pages.DropdownPage.getSelectedOption(DropdownPage.java:33)
at com.herokuapp.theinternet.pages.DropdownPage.getSelectedOption(DropdownPage.java:33)
at com.herokuapp.theinternet.pages.DropdownPage.getSelectedOption(DropdownPage.java:33)
at com.herokuapp.theinternet.pages.DropdownPage.getSelectedOption(DropdownPage.java:33)
at com.herokuapp.theinternet.pages.DropdownPage.getSelectedOption(DropdownPage.java:33)
at com.herokuapp.theinternet.pages.DropdownPage.getSelectedOption(DropdownPage.java:33)
at com.herokuapp.theinternet.pages.DropdownPage.getSelectedOption(DropdownPage.java:33)
at com.herokuapp.theinternet.pages.DropdownPage.getSelectedOption(DropdownPage.java:33)
at com.herokuapp.theinternet.pages.DropdownPage.getSelectedOption(DropdownPage.java:33)
at com.herokuapp.theinternet.pages.DropdownPage.getSelectedOption(DropdownPage.java:33)
at com.herokuapp.theinternet.pages.DropdownPage.getSelectedOption(DropdownPage.java:33)
at com.herokuapp.theinternet.pages.DropdownPage.getSelectedOption(DropdownPage.java:33)
at com.herokuapp.theinternet.pages.DropdownPage.getSelectedOption(DropdownPage.java:33)
at com.herokuapp.theinternet.pages.DropdownPage.getSelectedOption(DropdownPage.java:33)
at com.herokuapp.theinternet.pages.DropdownPage.getSelectedOption(DropdownPage.java:33)
at com.herokuapp.theinternet.pages.DropdownPage.getSelectedOption(DropdownPage.java:33)
at com.herokuapp.theinternet.pages.DropdownPage.getSelectedOption(DropdownPage.java:33)
at com.herokuapp.theinternet.pages.DropdownPage.getSelectedOption(DropdownPage.java:33)
at com.herokuapp.theinternet.pages.DropdownPage.getSelectedOption(DropdownPage.java:33)
at com.herokuapp.theinternet.pages.DropdownPage.getSelectedOption(DropdownPage.java:33)
at com.herokuapp.theinternet.pages.DropdownPage.getSelectedOption(DropdownPage.java:33)
at com.herokuapp.theinternet.pages.DropdownPage.getSelectedOption(DropdownPage.java:33)
at com.herokuapp.theinternet.pages.DropdownPage.getSelectedOption(DropdownPage.java:33)
at com.herokuapp.theinternet.pages.DropdownPage.getSelectedOption(DropdownPage.java:33)
at com.herokuapp.theinternet.pages.DropdownPage.getSelectedOption(DropdownPage.java:33)
at com.herokuapp.theinternet.pages.DropdownPage.getSelectedOption(DropdownPage.java:33)
at com.herokuapp.theinternet.pages.DropdownPage.getSelectedOption(DropdownPage.java:33)
at com.herokuapp.theinternet.pages.DropdownPage.getSelectedOption(DropdownPage.java:33)
at com.herokuapp.theinternet.pages.DropdownPage.getSelectedOption(DropdownPage.java:33)
at com.herokuapp.theinternet.pages.DropdownPage.getSelectedOption(DropdownPage.java:33)
at com.herokuapp.theinternet.pages.DropdownPage.getSelectedOption(DropdownPage.java:33)
at com.herokuapp.theinternet.pages.DropdownPage.getSelectedOption(DropdownPage.java:33)
at com.herokuapp.theinternet.pages.DropdownPage.getSelectedOption(DropdownPage.java:33)
at com.herokuapp.theinternet.pages.DropdownPage.getSelectedOption(DropdownPage.java:33)
at com.herokuapp.theinternet.pages.DropdownPage.getSelectedOption(DropdownPage.java:33)
at com.herokuapp.theinternet.pages.DropdownPage.getSelectedOption(DropdownPage.java:33)
at com.herokuapp.theinternet.pages.DropdownPage.getSelectedOption(DropdownPage.java:33)
at com.herokuapp.theinternet.pages.DropdownPage.getSelectedOption(DropdownPage.java:33)
at com.herokuapp.theinternet.pages.DropdownPage.getSelectedOption(DropdownPage.java:33)
at com.herokuapp.theinternet.pages.DropdownPage.getSelectedOption(DropdownPage.java:33)
at com.herokuapp.theinternet.pages.DropdownPage.getSelectedOption(DropdownPage.java:33)
at com.herokuapp.theinternet.pages.DropdownPage.getSelectedOption(DropdownPage.java:33)
at com.herokuapp.theinternet.pages.DropdownPage.getSelectedOption(DropdownPage.java:33)
at com.herokuapp.theinternet.pages.DropdownPage.getSelectedOption(DropdownPage.java:33)
at com.herokuapp.theinternet.pages.DropdownPage.getSelectedOption(DropdownPage.java:33)
at com.herokuapp.theinternet.pages.DropdownPage.getSelectedOption(DropdownPage.java:33)
at com.herokuapp.theinternet.pages.DropdownPage.getSelectedOption(DropdownPage.java:33)
at com.herokuapp.theinternet.pages.DropdownPage.getSelectedOption(DropdownPage.java:33)
at com.herokuapp.theinternet.pages.DropdownPage.getSelectedOption(DropdownPage.java:33)
at com.herokuapp.theinternet.pages.DropdownPage.getSelectedOption(DropdownPage.java:33)
at com.herokuapp.theinternet.pages.DropdownPage.getSelectedOption(DropdownPage.java:33)
at com.herokuapp.theinternet.pages.DropdownPage.getSelectedOption(DropdownPage.java:33)
at com.herokuapp.theinternet.pages.DropdownPage.getSelectedOption(DropdownPage.java:33)
at com.herokuapp.theinternet.pages.DropdownPage.getSelectedOption(DropdownPage.java:33)
at com.herokuapp.theinternet.pages.DropdownPage.getSelectedOption(DropdownPage.java:33)
at com.herokuapp.theinternet.pages.DropdownPage.getSelectedOption(DropdownPage.java:33)
at com.herokuapp.theinternet.pages.DropdownPage.getSelectedOption(DropdownPage.java:33)
at com.herokuapp.theinternet.pages.DropdownPage.getSelectedOption(DropdownPage.java:33)
at com.herokuapp.theinternet.pages.DropdownPage.getSelectedOption(DropdownPage.java:33)
at com.herokuapp.theinternet.pages.DropdownPage.getSelectedOption(DropdownPage.java:33)
at com.herokuapp.theinternet.pages.DropdownPage.getSelectedOption(DropdownPage.java:33)
at com.herokuapp.theinternet.pages.DropdownPage.getSelectedOption(DropdownPage.java:33)
at com.herokuapp.theinternet.pages.DropdownPage.getSelectedOption(DropdownPage.java:33)
at com.herokuapp.theinternet.pages.DropdownPage.getSelectedOption(DropdownPage.java:33)
at com.herokuapp.theinternet.pages.DropdownPage.getSelectedOption(DropdownPage.java:33)
at com.herokuapp.theinternet.pages.DropdownPage.getSelectedOption(DropdownPage.java:33)
at com.herokuapp.theinternet.pages.DropdownPage.getSelectedOption(DropdownPage.java:33)
at com.herokuapp.theinternet.pages.DropdownPage.getSelectedOption(DropdownPage.java:33)
at com.herokuapp.theinternet.pages.DropdownPage.getSelectedOption(DropdownPage.java:33)
at com.herokuapp.theinternet.pages.DropdownPage.getSelectedOption(DropdownPage.java:33)
at com.herokuapp.theinternet.pages.DropdownPage.getSelectedOption(DropdownPage.java:33)
at com.herokuapp.theinternet.pages.DropdownPage.getSelectedOption(DropdownPage.java:33)
at com.herokuapp.theinternet.pages.DropdownPage.getSelectedOption(DropdownPage.java:33)
at com.herokuapp.theinternet.pages.DropdownPage.getSelectedOption(DropdownPage.java:33)
at com.herokuapp.theinternet.pages.DropdownPage.getSelectedOption(DropdownPage.java:33)
at com.herokuapp.theinternet.pages.DropdownPage.getSelectedOption(DropdownPage.java:33)
at com.herokuapp.theinternet.pages.DropdownPage.getSelectedOption(DropdownPage.java:33)
at com.herokuapp.theinternet.pages.DropdownPage.getSelectedOption(DropdownPage.java:33)
at com.herokuapp.theinternet.pages.DropdownPage.getSelectedOption(DropdownPage.java:33)
at com.herokuapp.theinternet.pages.DropdownPage.getSelectedOption(DropdownPage.java:33)
at com.herokuapp.theinternet.pages.DropdownPage.getSelectedOption(DropdownPage.java:33)
at com.herokuapp.theinternet.pages.DropdownPage.getSelectedOption(DropdownPage.java:33)
at com.herokuapp.theinternet.pages.DropdownPage.getSelectedOption(DropdownPage.java:33)
at com.herokuapp.theinternet.pages.DropdownPage.getSelectedOption(DropdownPage.java:33)
at com.herokuapp.theinternet.pages.DropdownPage.getSelectedOption(DropdownPage.java:33)
at com.herokuapp.theinternet.pages.DropdownPage.getSelectedOption(DropdownPage.java:33)
at com.herokuapp.theinternet.pages.DropdownPage.getSelectedOption(DropdownPage.java:33)
at com.herokuapp.theinternet.pages.DropdownPage.getSelectedOption(DropdownPage.java:33)
at com.herokuapp.theinternet.pages.DropdownPage.getSelectedOption(DropdownPage.java:33)
at com.herokuapp.theinternet.pages.DropdownPage.getSelectedOption(DropdownPage.java:33)
at com.herokuapp.theinternet.pages.DropdownPage.getSelectedOption(DropdownPage.java:33)
at com.herokuapp.theinternet.pages.DropdownPage.getSelectedOption(DropdownPage.java:33)
at com.herokuapp.theinternet.pages.DropdownPage.getSelectedOption(DropdownPage.java:33)
at com.herokuapp.theinternet.pages.DropdownPage.getSelectedOption(DropdownPage.java:33)
at com.herokuapp.theinternet.pages.DropdownPage.getSelectedOption(DropdownPage.java:33)
at com.herokuapp.theinternet.pages.DropdownPage.getSelectedOption(DropdownPage.java:33)
at com.herokuapp.theinternet.pages.DropdownPage.getSelectedOption(DropdownPage.java:33)
at com.herokuapp.theinternet.pages.DropdownPage.getSelectedOption(DropdownPage.java:33)
at com.herokuapp.theinternet.pages.DropdownPage.getSelectedOption(DropdownPage.java:33)
at com.herokuapp.theinternet.pages.DropdownPage.getSelectedOption(DropdownPage.java:33)
at com.herokuapp.theinternet.pages.DropdownPage.getSelectedOption(DropdownPage.java:33)
at com.herokuapp.theinternet.pages.DropdownPage.getSelectedOption(DropdownPage.java:33)
at com.herokuapp.theinternet.pages.DropdownPage.getSelectedOption(DropdownPage.java:33)
at com.herokuapp.theinternet.pages.DropdownPage.getSelectedOption(DropdownPage.java:33)
at com.herokuapp.theinternet.pages.DropdownPage.getSelectedOption(DropdownPage.java:33)
at com.herokuapp.theinternet.pages.DropdownPage.getSelectedOption(DropdownPage.java:33)
at com.herokuapp.theinternet.pages.DropdownPage.getSelectedOption(DropdownPage.java:33)
at com.herokuapp.theinternet.pages.DropdownPage.getSelectedOption(DropdownPage.java:33)
at com.herokuapp.theinternet.pages.DropdownPage.getSelectedOption(DropdownPage.java:33)
at com.herokuapp.theinternet.pages.DropdownPage.getSelectedOption(DropdownPage.java:33)
at com.herokuapp.theinternet.pages.DropdownPage.getSelectedOption(DropdownPage.java:33)
at com.herokuapp.theinternet.pages.DropdownPage.getSelectedOption(DropdownPage.java:33)
at com.herokuapp.theinternet.pages.DropdownPage.getSelectedOption(DropdownPage.java:33)
at com.herokuapp.theinternet.pages.DropdownPage.getSelectedOption(DropdownPage.java:33)
at com.herokuapp.theinternet.pages.DropdownPage.getSelectedOption(DropdownPage.java:33)
at com.herokuapp.theinternet.pages.DropdownPage.getSelectedOption(DropdownPage.java:33)
at com.herokuapp.theinternet.pages.DropdownPage.getSelectedOption(DropdownPage.java:33)
at com.herokuapp.theinternet.pages.DropdownPage.getSelectedOption(DropdownPage.java:33)
at com.herokuapp.theinternet.pages.DropdownPage.getSelectedOption(DropdownPage.java:33)
at com.herokuapp.theinternet.pages.DropdownPage.getSelectedOption(DropdownPage.java:33)
at com.herokuapp.theinternet.pages.DropdownPage.getSelectedOption(DropdownPage.java:33)
at com.herokuapp.theinternet.pages.DropdownPage.getSelectedOption(DropdownPage.java:33)
at com.herokuapp.theinternet.pages.DropdownPage.getSelectedOption(DropdownPage.java:33)
at com.herokuapp.theinternet.pages.DropdownPage.getSelectedOption(DropdownPage.java:33)
at com.herokuapp.theinternet.pages.DropdownPage.getSelectedOption(DropdownPage.java:33)
at com.herokuapp.theinternet.pages.DropdownPage.getSelectedOption(DropdownPage.java:33)
at com.herokuapp.theinternet.pages.DropdownPage.getSelectedOption(DropdownPage.java:33)
at com.herokuapp.theinternet.pages.DropdownPage.getSelectedOption(DropdownPage.java:33)
at com.herokuapp.theinternet.pages.DropdownPage.getSelectedOption(DropdownPage.java:33)
at com.herokuapp.theinternet.pages.DropdownPage.getSelectedOption(DropdownPage.java:33)
at com.herokuapp.theinternet.pages.DropdownPage.getSelectedOption(DropdownPage.java:33)
at com.herokuapp.theinternet.pages.DropdownPage.getSelectedOption(DropdownPage.java:33)
at com.herokuapp.theinternet.pages.DropdownPage.getSelectedOption(DropdownPage.java:33)
at com.herokuapp.theinternet.pages.DropdownPage.getSelectedOption(DropdownPage.java:33)
at com.herokuapp.theinternet.pages.DropdownPage.getSelectedOption(DropdownPage.java:33)
at com.herokuapp.theinternet.pages.DropdownPage.getSelectedOption(DropdownPage.java:33)
at com.herokuapp.theinternet.pages.DropdownPage.getSelectedOption(DropdownPage.java:33)
at com.herokuapp.theinternet.pages.DropdownPage.getSelectedOption(DropdownPage.java:33)
at com.herokuapp.theinternet.pages.DropdownPage.getSelectedOption(DropdownPage.java:33)
at com.herokuapp.theinternet.pages.DropdownPage.getSelectedOption(DropdownPage.java:33)
at com.herokuapp.theinternet.pages.DropdownPage.getSelectedOption(DropdownPage.java:33)
at com.herokuapp.theinternet.pages.DropdownPage.getSelectedOption(DropdownPage.java:33)
at com.herokuapp.theinternet.pages.DropdownPage.getSelectedOption(DropdownPage.java:33)
at com.herokuapp.theinternet.pages.DropdownPage.getSelectedOption(DropdownPage.java:33)
at com.herokuapp.theinternet.pages.DropdownPage.getSelectedOption(DropdownPage.java:33)
at com.herokuapp.theinternet.pages.DropdownPage.getSelectedOption(DropdownPage.java:33)
at com.herokuapp.theinternet.pages.DropdownPage.getSelectedOption(DropdownPage.java:33)
at com.herokuapp.theinternet.pages.DropdownPage.getSelectedOption(DropdownPage.java:33)
at com.herokuapp.theinternet.pages.DropdownPage.getSelectedOption(DropdownPage.java:33)
at com.herokuapp.theinternet.pages.DropdownPage.getSelectedOption(DropdownPage.java:33)
at com.herokuapp.theinternet.pages.DropdownPage.getSelectedOption(DropdownPage.java:33)
at com.herokuapp.theinternet.pages.DropdownPage.getSelectedOption(DropdownPage.java:33)
at com.herokuapp.theinternet.pages.DropdownPage.getSelectedOption(DropdownPage.java:33)
at com.herokuapp.theinternet.pages.DropdownPage.getSelectedOption(DropdownPage.java:33)
at com.herokuapp.theinternet.pages.DropdownPage.getSelectedOption(DropdownPage.java:33)
at com.herokuapp.theinternet.pages.DropdownPage.getSelectedOption(DropdownPage.java:33)
at com.herokuapp.theinternet.pages.DropdownPage.getSelectedOption(DropdownPage.java:33)
at com.herokuapp.theinternet.pages.DropdownPage.getSelectedOption(DropdownPage.java:33)
at com.herokuapp.theinternet.pages.DropdownPage.getSelectedOption(DropdownPage.java:33)
at com.herokuapp.theinternet.pages.DropdownPage.getSelectedOption(DropdownPage.java:33)
at com.herokuapp.theinternet.pages.DropdownPage.getSelectedOption(DropdownPage.java:33)
at com.herokuapp.theinternet.pages.DropdownPage.getSelectedOption(DropdownPage.java:33)
at com.herokuapp.theinternet.pages.DropdownPage.getSelectedOption(DropdownPage.java:33)
at com.herokuapp.theinternet.pages.DropdownPage.getSelectedOption(DropdownPage.java:33)
at com.herokuapp.theinternet.pages.DropdownPage.getSelectedOption(DropdownPage.java:33)
at com.herokuapp.theinternet.pages.DropdownPage.getSelectedOption(DropdownPage.java:33)
at com.herokuapp.theinternet.pages.DropdownPage.getSelectedOption(DropdownPage.java:33)
at com.herokuapp.theinternet.pages.DropdownPage.getSelectedOption(DropdownPage.java:33)
at com.herokuapp.theinternet.pages.DropdownPage.getSelectedOption(DropdownPage.java:33)
at com.herokuapp.theinternet.pages.DropdownPage.getSelectedOption(DropdownPage.java:33)
at com.herokuapp.theinternet.pages.DropdownPage.getSelectedOption(DropdownPage.java:33)
at com.herokuapp.theinternet.pages.DropdownPage.getSelectedOption(DropdownPage.java:33)
at com.herokuapp.theinternet.pages.DropdownPage.getSelectedOption(DropdownPage.java:33)
at com.herokuapp.theinternet.DropdownPageTests.DropdownTests.logInTest(DropdownTests.java:28)
at java.base/java.util.ArrayList.forEach(ArrayList.java:1511)
... Removed 32 stack frames]]>
    </failure>
  </testcase> <!-- logInTest -->
</testsuite> <!--  DropdownTests -->
