<?xml version="1.0" encoding="UTF-8"?>
<testng-results ignored="0" total="1" passed="1" failed="0" skipped="0">
  <reporter-output>
  </reporter-output>
  <suite started-at="2022-09-11T20:21:35 EDT" name="Default suite" finished-at="2022-09-11T20:21:42 EDT" duration-ms="6564">
    <groups>
    </groups>
    <test started-at="2022-09-11T20:21:35 EDT" name="Default test" finished-at="2022-09-11T20:21:42 EDT" duration-ms="6564">
      <class name="com.herokuapp.theinternet.horizontalslidertests.HorizontalSliderTests">
        <test-method is-config="true" signature="setUp(java.lang.String,org.testng.ITestContext)[pri:0, instance:com.herokuapp.theinternet.horizontalslidertests.HorizontalSliderTests@1cbbffcd]" started-at="2022-09-11T20:21:35 EDT" name="setUp" finished-at="2022-09-11T20:21:37 EDT" duration-ms="1819" status="PASS">
          <params>
            <param index="0">
              <value>
                <![CDATA[chrome]]>
              </value>
            </param>
            <param index="1">
              <value>
                <![CDATA[org.testng.TestRunner@67efd2c2]]>
              </value>
            </param>
          </params>
          <reporter-output>
          </reporter-output>
        </test-method> <!-- setUp -->
        <test-method signature="sliderTests()[pri:0, instance:com.herokuapp.theinternet.horizontalslidertests.HorizontalSliderTests@1cbbffcd]" started-at="2022-09-11T20:21:37 EDT" name="sliderTests" finished-at="2022-09-11T20:21:42 EDT" duration-ms="4547" status="PASS">
          <reporter-output>
          </reporter-output>
        </test-method> <!-- sliderTests -->
        <test-method is-config="true" signature="tearDown()[pri:0, instance:com.herokuapp.theinternet.horizontalslidertests.HorizontalSliderTests@1cbbffcd]" started-at="2022-09-11T20:21:42 EDT" name="tearDown" finished-at="2022-09-11T20:21:42 EDT" duration-ms="176" status="PASS">
          <reporter-output>
          </reporter-output>
        </test-method> <!-- tearDown -->
      </class> <!-- com.herokuapp.theinternet.horizontalslidertests.HorizontalSliderTests -->
    </test> <!-- Default test -->
  </suite> <!-- Default suite -->
</testng-results>
